This file contains any messages produced by compilers while
running configure, to aid debugging if configure makes a mistake.

It was created by GNU C Library configure (see version.h), which was
generated by GNU Autoconf 2.69.  Invocation command line was

  $ ../configure --prefix=/opt/glibc-2.29

## --------- ##
## Platform. ##
## --------- ##

hostname = ip-172-31-24-76
uname -m = aarch64
uname -r = 5.4.0-1045-aws
uname -s = Linux
uname -v = #47~18.04.1-Ubuntu SMP Tue Apr 13 16:00:48 UTC 2021

/usr/bin/uname -p = unknown
/bin/uname -X     = unknown

/bin/arch              = unknown
/usr/bin/arch -k       = unknown
/usr/convex/getsysinfo = unknown
/usr/bin/hostinfo      = unknown
/bin/machine           = unknown
/usr/bin/oslevel       = unknown
/bin/universe          = unknown

PATH: /usr/local/sbin
PATH: /usr/local/bin
PATH: /usr/sbin
PATH: /usr/bin
PATH: /sbin
PATH: /bin
PATH: /usr/games
PATH: /usr/local/games
PATH: /snap/bin


## ----------- ##
## Core tests. ##
## ----------- ##

configure:2218: checking build system type
configure:2232: result: aarch64-unknown-linux-gnu
configure:2252: checking host system type
configure:2265: result: aarch64-unknown-linux-gnu
configure:2334: checking for gcc
configure:2350: found /usr/bin/gcc
configure:2361: result: gcc
configure:2590: checking for C compiler version
configure:2599: gcc --version >&5
gcc (Ubuntu/Linaro 7.5.0-3ubuntu1~18.04) 7.5.0
Copyright (C) 2017 Free Software Foundation, Inc.
This is free software; see the source for copying conditions.  There is NO
warranty; not even for MERCHANTABILITY or FITNESS FOR A PARTICULAR PURPOSE.

configure:2610: $? = 0
configure:2599: gcc -v >&5
Using built-in specs.
COLLECT_GCC=gcc
COLLECT_LTO_WRAPPER=/usr/lib/gcc/aarch64-linux-gnu/7/lto-wrapper
Target: aarch64-linux-gnu
Configured with: ../src/configure -v --with-pkgversion='Ubuntu/Linaro 7.5.0-3ubuntu1~18.04' --with-bugurl=file:///usr/share/doc/gcc-7/README.Bugs --enable-languages=c,ada,c++,go,d,fortran,objc,obj-c++ --prefix=/usr --with-gcc-major-version-only --program-suffix=-7 --program-prefix=aarch64-linux-gnu- --enable-shared --enable-linker-build-id --libexecdir=/usr/lib --without-included-gettext --enable-threads=posix --libdir=/usr/lib --enable-nls --enable-bootstrap --enable-clocale=gnu --enable-libstdcxx-debug --enable-libstdcxx-time=yes --with-default-libstdcxx-abi=new --enable-gnu-unique-object --disable-libquadmath --disable-libquadmath-support --enable-plugin --enable-default-pie --with-system-zlib --enable-multiarch --enable-fix-cortex-a53-843419 --disable-werror --enable-checking=release --build=aarch64-linux-gnu --host=aarch64-linux-gnu --target=aarch64-linux-gnu
Thread model: posix
gcc version 7.5.0 (Ubuntu/Linaro 7.5.0-3ubuntu1~18.04) 
configure:2610: $? = 0
configure:2599: gcc -V >&5
gcc: error: unrecognized command line option '-V'
gcc: fatal error: no input files
compilation terminated.
configure:2610: $? = 1
configure:2599: gcc -qversion >&5
gcc: error: unrecognized command line option '-qversion'; did you mean '--version'?
gcc: fatal error: no input files
compilation terminated.
configure:2610: $? = 1
configure:2615: checking for suffix of object files
configure:2637: gcc -c   conftest.c >&5
configure:2641: $? = 0
configure:2662: result: o
configure:2666: checking whether we are using the GNU C compiler
configure:2685: gcc -c   conftest.c >&5
configure:2685: $? = 0
configure:2694: result: yes
configure:2703: checking whether gcc accepts -g
configure:2723: gcc -c -g  conftest.c >&5
configure:2723: $? = 0
configure:2764: result: yes
configure:2884: checking for readelf
configure:2900: found /usr/bin/readelf
configure:2911: result: readelf
configure:2993: checking for g++
configure:3009: found /usr/bin/g++
configure:3020: result: g++
configure:3047: checking for C++ compiler version
configure:3056: g++ --version >&5
g++ (Ubuntu/Linaro 7.5.0-3ubuntu1~18.04) 7.5.0
Copyright (C) 2017 Free Software Foundation, Inc.
This is free software; see the source for copying conditions.  There is NO
warranty; not even for MERCHANTABILITY or FITNESS FOR A PARTICULAR PURPOSE.

configure:3067: $? = 0
configure:3056: g++ -v >&5
Using built-in specs.
COLLECT_GCC=g++
COLLECT_LTO_WRAPPER=/usr/lib/gcc/aarch64-linux-gnu/7/lto-wrapper
Target: aarch64-linux-gnu
Configured with: ../src/configure -v --with-pkgversion='Ubuntu/Linaro 7.5.0-3ubuntu1~18.04' --with-bugurl=file:///usr/share/doc/gcc-7/README.Bugs --enable-languages=c,ada,c++,go,d,fortran,objc,obj-c++ --prefix=/usr --with-gcc-major-version-only --program-suffix=-7 --program-prefix=aarch64-linux-gnu- --enable-shared --enable-linker-build-id --libexecdir=/usr/lib --without-included-gettext --enable-threads=posix --libdir=/usr/lib --enable-nls --enable-bootstrap --enable-clocale=gnu --enable-libstdcxx-debug --enable-libstdcxx-time=yes --with-default-libstdcxx-abi=new --enable-gnu-unique-object --disable-libquadmath --disable-libquadmath-support --enable-plugin --enable-default-pie --with-system-zlib --enable-multiarch --enable-fix-cortex-a53-843419 --disable-werror --enable-checking=release --build=aarch64-linux-gnu --host=aarch64-linux-gnu --target=aarch64-linux-gnu
Thread model: posix
gcc version 7.5.0 (Ubuntu/Linaro 7.5.0-3ubuntu1~18.04) 
configure:3067: $? = 0
configure:3056: g++ -V >&5
g++: error: unrecognized command line option '-V'
g++: fatal error: no input files
compilation terminated.
configure:3067: $? = 1
configure:3056: g++ -qversion >&5
g++: error: unrecognized command line option '-qversion'; did you mean '--version'?
g++: fatal error: no input files
compilation terminated.
configure:3067: $? = 1
configure:3071: checking whether we are using the GNU C++ compiler
configure:3090: g++ -c   conftest.cpp >&5
configure:3090: $? = 0
configure:3099: result: yes
configure:3108: checking whether g++ accepts -g
configure:3128: g++ -c -g  conftest.cpp >&5
configure:3128: $? = 0
configure:3169: result: yes
configure:3194: checking whether g++ can link programs
configure:3217: g++ -o conftest -g -O2   conftest.cpp  >&5
configure:3217: $? = 0
configure:3240: g++ -o conftest -g -O2   -static conftest.cpp  >&5
configure:3240: $? = 0
configure:3255: result: yes
configure:3832: checking for sysdeps preconfigure fragments
configure:3839: result: 
configure:3869: checking for use of fpu sysdeps directories
configure:3888: result: yes
configure:3892: checking for -fstack-protector
configure:3898: gcc -g -O2  -Werror -fstack-protector -xc /dev/null -S -o /dev/null
configure:3901: $? = 0
configure:3909: result: yes
configure:3912: checking for -fstack-protector-strong
configure:3918: gcc -g -O2  -Werror -fstack-protector-strong -xc /dev/null -S -o /dev/null
configure:3921: $? = 0
configure:3929: result: yes
configure:3932: checking for -fstack-protector-all
configure:3938: gcc -g -O2  -Werror -fstack-protector-all -xc /dev/null -S -o /dev/null
configure:3941: $? = 0
configure:3949: result: yes
configure:3992: checking for assembler and linker STT_GNU_IFUNC support

Relocation section '.rela.dyn' at offset 0x260 contains 1 entry:
  Offset          Info           Type           Sym. Value    Sym. Name + Addend
000000011000  000000000408 R_AARCH64_IRELATI                    2c0

Relocation section '.rela.plt' at offset 0x278 contains 1 entry:
  Offset          Info           Type           Sym. Value    Sym. Name + Addend
000000010ff0  000000000408 R_AARCH64_IRELATI                    2c0
configure:4023: result: yes
configure:4027: checking for gcc attribute ifunc support
conftest.c:10:24: error: ifunc is not supported on this target
 extern __typeof (func) func __attribute__ ((ifunc ("resolver")));
                        ^~~~
configure:4053: result: no
configure:4058: checking whether the linker supports textrels along with ifunc
configure:4088: gcc -g -O2   -nostartfiles -nostdlib -fno-stack-protector -pie -o conftest conftest.S
configure:4091: $? = 0
configure:4098: result: yes
configure:4103: checking if compiler warns about alias for function with incompatible types
configure:4125: result: no
configure:4163: checking sysdep dirs
configure:4360: result: sysdeps/generic
configure:4380: checking for a BSD-compatible install
configure:4448: result: /usr/bin/install -c
configure:4463: checking whether ln -s works
configure:4467: result: yes
configure:4493: checking whether as is GNU as
configure:4507: result: yes
configure:4512: checking whether ld is GNU ld
configure:4526: result: yes
configure:4536: checking for as
configure:4563: result: as
configure:4578: checking version of as
configure:4588: result: 2.30, ok
configure:4666: checking for ld
configure:4693: result: ld
configure:4708: checking version of ld
configure:4718: result: 2.30, ok
configure:4733: checking for gnumake
configure:4763: result: no
configure:4733: checking for gmake
configure:4763: result: no
configure:4733: checking for make
configure:4749: found /usr/bin/make
configure:4760: result: make
configure:4775: checking version of make
configure:4785: result: 4.1, ok
configure:4797: checking for gnumsgfmt
configure:4827: result: no
configure:4797: checking for gmsgfmt
configure:4827: result: no
configure:4797: checking for msgfmt
configure:4827: result: no
configure:4860: checking for makeinfo
configure:4890: result: no
configure:4923: checking for sed
configure:4939: found /bin/sed
configure:4950: result: sed
configure:4965: checking version of sed
configure:4975: result: 4.4, ok
configure:4986: checking for gawk
configure:5002: found /usr/bin/gawk
configure:5013: result: gawk
configure:5028: checking version of gawk
configure:5038: result: 4.1.4, ok
configure:5049: checking for bison
configure:5065: found /usr/bin/bison
configure:5076: result: bison
configure:5091: checking version of bison
configure:5101: result: 3.0.4, ok
configure:5109: checking if gcc is sufficient to build libc
configure:5129: gcc -c -g -O2  conftest.c >&5
configure:5129: $? = 0
configure:5136: result: yes
configure:5185: checking for nm
configure:5201: found /usr/bin/nm
configure:5212: result: nm
configure:5310: checking for python3
configure:5326: found /usr/bin/python3
configure:5337: result: python3
configure:5352: checking version of python3
configure:5362: result: 3.6.9, ok
configure:5379: WARNING:
*** These auxiliary programs are missing or incompatible versions: msgfmt makeinfo
*** some features or tests will be disabled.
*** Check the INSTALL file for required versions.
configure:5430: checking LD_LIBRARY_PATH variable
configure:5440: result: ok
configure:5451: checking for bash
configure:5469: found /bin/bash
configure:5482: result: /bin/bash
configure:5493: checking for perl
configure:5511: found /usr/bin/perl
configure:5524: result: /usr/bin/perl
configure:5538: checking for install-info
configure:5557: found /usr/bin/install-info
configure:5570: result: /usr/bin/install-info
configure:5579: checking for .set assembler directive
configure:5605: result: yes
configure:5612: checking linker support for protected data symbol
configure:5622: gcc -nostdlib -nostartfiles -fno-stack-protector -fPIC -shared conftest.c -o conftest.so
configure:5625: $? = 0
configure:5632: gcc -nostdlib -nostartfiles -fno-stack-protector conftest.c -o conftest conftest.so
/usr/bin/ld: warning: cannot find entry symbol _start; defaulting to 00000000000003d8
configure:5635: $? = 0
configure:5643: result: yes
configure:5647: checking linker support for INSERT in linker script
configure:5665: gcc -nostdlib -nostartfiles -fno-stack-protector -fPIC -shared conftest.c -Wl,-T,conftest.t -o conftest.so
configure:5668: $? = 0
configure:5675: result: yes
configure:5679: checking for broken __attribute__((alias()))
configure:5694: gcc -Werror -S conftest.c -o conftest.s 1>&5
configure:5697: $? = 0
configure:5707: result: no
configure:5713: checking whether to put _rtld_local into .sdata section
configure:5727: result: no
configure:5734: checking whether to use .ctors/.dtors header and trailer
configure:5751: gcc -g -O2   -fno-stack-protector -o conftest
		       conftest.c -static -nostartfiles -nostdlib
		       1>&5
configure:5754: $? = 0
configure:5780: result: no
configure:5787: checking for libunwind-support in compiler
configure:5804: result: no
configure:5813: checking whether --noexecstack is desirable for .S files
configure:5823: gcc -g -O2 
		   -S -o conftest.s conftest.c 1>&5
configure:5826: $? = 0
configure:5831: gcc  -Wa,--noexecstack
		      -c -o conftest.o conftest.s 1>&5
configure:5834: $? = 0
configure:5843: result: yes
configure:5850: checking for -z combreloc
configure:5864: gcc -g -O2  
			-fPIC -shared -fno-stack-protector -o conftest.so conftest.c
			-nostdlib -nostartfiles
			-Wl,-z,combreloc 1>&5
configure:5867: $? = 0
configure:5880: result: yes
configure:5888: checking for linker that supports -z execstack
configure:5901: gcc -g -O2   -fno-stack-protector
				-Wl,-z,execstack -nostdlib -nostartfiles
				-fPIC -shared -o conftest.so conftest.c
				1>&5
configure:5904: $? = 0
configure:5917: result: yes
configure:5921: checking for linker that supports --no-dynamic-linker
configure:5934: gcc -g -O2   -fno-stack-protector
				-Wl,--no-dynamic-linker -nostdlib -nostartfiles
				-fPIC -shared -o conftest.so conftest.c
				1>&5
configure:5937: $? = 0
configure:5950: result: yes
configure:5955: checking for -static-pie
configure:5961: gcc -static-pie -xc /dev/null -S -o /dev/null
gcc: error: unrecognized command line option '-static-pie'; did you mean '-static'?
configure:5964: $? = 1
configure:5972: result: no
configure:5977: checking for -fpie
configure:5983: gcc -fpie -xc /dev/null -S -o /dev/null
configure:5986: $? = 0
configure:5994: result: yes
configure:5999: checking for --hash-style option
configure:6010: gcc -g -O2   -fno-stack-protector
			    -fPIC -shared -o conftest.so conftest.c
			    -Wl,--hash-style=both -nostdlib 1>&5
configure:6013: $? = 0
configure:6022: result: yes
configure:6030: checking for sufficient default -shared layout
configure:6049:   gcc  -shared -o conftest.so conftest.s 1>&5
configure:6052: $? = 0
nono from:

NOTE .note.gnu.build-i
GNU_HASH .gnu.hash
DYNSYM .dynsym
STRTAB .dynstr
RELA .rela.dyn
RELA .rela.plt
PROGBITS .init
PROGBITS .plt
PROGBITS .text
PROGBITS .fini
NOTE .note.a
NOTE .note.b
PROGBITS .eh_frame
INIT_ARRAY .init_array
FINI_ARRAY .fini_array
DYNAMIC .dynamic
PROGBITS .got
PROGBITS .got.plt
PROGBITS .data
NOBITS .bss
PROGBITS .comment
SYMTAB .symtab
STRTAB .strtab
STRTAB .shstrtab
configure:6084: result: no
configure:6089: checking for GLOB_DAT reloc
configure:6102: gcc -g -O2  
			-fPIC -shared -o conftest.so conftest.c
			-nostdlib -nostartfiles -fno-stack-protector
			1>&5
configure:6105: $? = 0
configure:6118: result: yes
configure:6122: checking linker output format
configure:6136: result: elf64-littleaarch64
configure:6140: checking for -fno-toplevel-reorder -fno-section-anchors
configure:6150: gcc -g -O2  -S -fno-toplevel-reorder -fno-section-anchors
			    conftest.c 1>&5
configure:6153: $? = 0
configure:6162: result: yes
configure:6171: checking for -mtls-dialect=gnu2
configure:6185: gcc -g -O2  -S -fPIC -mtls-dialect=gnu2
		   conftest.c 1>&5
gcc: error: unrecognized argument in option '-mtls-dialect=gnu2'
gcc: note: valid arguments to '-mtls-dialect=' are: desc trad
configure:6188: $? = 1
configure:6197: result: no
configure:6203: checking whether cc puts quotes around section names
configure:6224: result: no
configure:6231: checking for __builtin_memset
configure:6243: gcc -O3 -S conftest.c -o - | grep -F memset > /dev/null
configure:6246: $? = 0
configure:6255: result: no
configure:6262: checking for redirection of built-in functions
configure:6275: gcc -O3 -S conftest.c -o - | grep -F my_strstr > /dev/null
configure:6278: $? = 0
configure:6287: result: yes
configure:6293: checking for compiler option to disable generation of FMA instructions
configure:6301: gcc -ffp-contract=off -xc /dev/null -S -o /dev/null
configure:6304: $? = 0
configure:6310: result: -ffp-contract=off
configure:6343: checking if gcc accepts -fno-tree-loop-distribute-patterns with __attribute__ ((__optimize__))
configure:6356: gcc -g -O2  -c conftest.c
configure:6359: $? = 0
configure:6366: result: yes
configure:6374: checking for libgd
configure:6394: gcc -o conftest -g -O2     conftest.c  -lgd -lpng -lz -lm >&5
conftest.c:19:10: fatal error: gd.h: No such file or directory
 #include <gd.h>
          ^~~~~~
compilation terminated.
configure:6394: $? = 1
configure: failed program was:
| /* confdefs.h */
| #define PACKAGE_NAME "GNU C Library"
| #define PACKAGE_TARNAME "glibc"
| #define PACKAGE_VERSION "(see version.h)"
| #define PACKAGE_STRING "GNU C Library (see version.h)"
| #define PACKAGE_BUGREPORT "https://sourceware.org/bugzilla/"
| #define PACKAGE_URL "http://www.gnu.org/software/glibc/"
| #define PKGVERSION "(GNU libc) "
| #define REPORT_BUGS_TO "<http://www.gnu.org/software/libc/bugs.html>"
| #define HAVE_TUNABLES 1
| #define HAVE_CC_NO_STACK_PROTECTOR 1
| #define STACK_PROTECTOR_LEVEL 0
| #define USE_MULTIARCH 1
| #define HAVE_ASM_SET_DIRECTIVE 1
| #define NO_CTORS_DTORS_SECTIONS 1
| #define HAVE_Z_COMBRELOC 1
| #define HAVE_CC_INHIBIT_LOOP_TO_LIBCALL 1
| /* end confdefs.h.  */
| #include <gd.h>
| int
| main ()
| {
| gdImagePng (0, 0)
|   ;
|   return 0;
| }
configure:6407: result: no
configure:6416: checking for is_selinux_enabled in -lselinux
configure:6441: gcc -o conftest -g -O2   conftest.c -lselinux   >&5
/usr/bin/ld: cannot find -lselinux
collect2: error: ld returned 1 exit status
configure:6441: $? = 1
configure: failed program was:
| /* confdefs.h */
| #define PACKAGE_NAME "GNU C Library"
| #define PACKAGE_TARNAME "glibc"
| #define PACKAGE_VERSION "(see version.h)"
| #define PACKAGE_STRING "GNU C Library (see version.h)"
| #define PACKAGE_BUGREPORT "https://sourceware.org/bugzilla/"
| #define PACKAGE_URL "http://www.gnu.org/software/glibc/"
| #define PKGVERSION "(GNU libc) "
| #define REPORT_BUGS_TO "<http://www.gnu.org/software/libc/bugs.html>"
| #define HAVE_TUNABLES 1
| #define HAVE_CC_NO_STACK_PROTECTOR 1
| #define STACK_PROTECTOR_LEVEL 0
| #define USE_MULTIARCH 1
| #define HAVE_ASM_SET_DIRECTIVE 1
| #define NO_CTORS_DTORS_SECTIONS 1
| #define HAVE_Z_COMBRELOC 1
| #define HAVE_CC_INHIBIT_LOOP_TO_LIBCALL 1
| /* end confdefs.h.  */
| 
| /* Override any GCC internal prototype to avoid an error.
|    Use char because int might match the return type of a GCC
|    builtin and then its argument prototype would still apply.  */
| #ifdef __cplusplus
| extern "C"
| #endif
| char is_selinux_enabled ();
| int
| main ()
| {
| return is_selinux_enabled ();
|   ;
|   return 0;
| }
configure:6450: result: no
configure:6573: checking for _FORTIFY_SOURCE predefine
configure:6592: gcc -c -g -O2  conftest.c >&5
conftest.c: In function 'main':
conftest.c:25:3: error: #error bogon
 # error bogon
   ^~~~~
configure:6592: $? = 1
configure: failed program was:
| /* confdefs.h */
| #define PACKAGE_NAME "GNU C Library"
| #define PACKAGE_TARNAME "glibc"
| #define PACKAGE_VERSION "(see version.h)"
| #define PACKAGE_STRING "GNU C Library (see version.h)"
| #define PACKAGE_BUGREPORT "https://sourceware.org/bugzilla/"
| #define PACKAGE_URL "http://www.gnu.org/software/glibc/"
| #define PKGVERSION "(GNU libc) "
| #define REPORT_BUGS_TO "<http://www.gnu.org/software/libc/bugs.html>"
| #define HAVE_TUNABLES 1
| #define HAVE_CC_NO_STACK_PROTECTOR 1
| #define STACK_PROTECTOR_LEVEL 0
| #define USE_MULTIARCH 1
| #define HAVE_ASM_SET_DIRECTIVE 1
| #define NO_CTORS_DTORS_SECTIONS 1
| #define HAVE_Z_COMBRELOC 1
| #define HAVE_CC_INHIBIT_LOOP_TO_LIBCALL 1
| /* end confdefs.h.  */
| 
| int
| main ()
| {
| 
| #ifdef _FORTIFY_SOURCE
| # error bogon
| #endif
|   ;
|   return 0;
| }
configure:6599: result: yes
configure:6609: checking whether the linker provides working __ehdr_start
configure:6632: gcc -o conftest -g -O2 -fPIC   -nostdlib -nostartfiles -shared -fno-stack-protector conftest.c  >&5
configure:6632: $? = 0
configure:6648: result: yes
configure:6658: checking for __builtin_trap with no external dependencies
configure:6675: gcc -c -g -O2  conftest.c >&5
configure:6675: $? = 0
libc_undefs=''
configure:6689: result: yes
configure:6703: checking whether the C++ compiler supports thread_local
configure:6731: g++ -c -g -O2 -std=gnu++11  conftest.cpp >&5
configure:6731: $? = 0
configure:6740: result: yes
configure:6770: result: running configure fragment for sysdeps/unix/sysv/linux/aarch64
configure:6770: result: running configure fragment for sysdeps/unix/sysv/linux
configure:9: checking installed Linux kernel header files
configure:28: gcc -c -g -O2  conftest.c >&5
configure:28: $? = 0
configure:35: result: 3.2.0 or later
configure:69: checking for kernel header at least 3.7.0
configure:87: gcc -c -g -O2  conftest.c >&5
configure:87: $? = 0
configure:93: result: ok
configure:142: checking for symlinks in /opt/glibc-2.29/include
configure:159: result: ok
configure:6770: result: running configure fragment for sysdeps/gnu
configure:6770: result: running configure fragment for sysdeps/aarch64
configure:13: checking for grep that handles long lines and -e
configure:71: result: /bin/grep
configure:76: checking for egrep
configure:138: result: /bin/grep -E
configure:143: checking for big endian
configure:164: result: no
configure:6831: checking whether -fPIC is default
conftest.c:2:3: error: #error PIC is default.
 # error PIC is default.
   ^~~~~
configure:6847: result: yes
configure:6851: checking whether -fPIE is default
conftest.c:2:3: error: #error PIE is default.
 # error PIE is default.
   ^~~~~
configure:6867: result: yes
configure:7021: creating ./config.status

## ---------------------- ##
## Running config.status. ##
## ---------------------- ##

This file was extended by GNU C Library config.status (see version.h), which was
generated by GNU Autoconf 2.69.  Invocation command line was

  CONFIG_FILES    = 
  CONFIG_HEADERS  = 
  CONFIG_LINKS    = 
  CONFIG_COMMANDS = 
  $ ./config.status 

on ip-172-31-24-76

config.status:945: creating config.make
config.status:945: creating Makefile
config.status:945: creating config.h
config.status:1119: executing default commands

## ---------------- ##
## Cache variables. ##
## ---------------- ##

ac_cv_build=aarch64-unknown-linux-gnu
ac_cv_c_compiler_gnu=yes
ac_cv_cxx_compiler_gnu=yes
ac_cv_env_CCC_set=
ac_cv_env_CCC_value=
ac_cv_env_CC_set=
ac_cv_env_CC_value=
ac_cv_env_CFLAGS_set=
ac_cv_env_CFLAGS_value=
ac_cv_env_CPPFLAGS_set=
ac_cv_env_CPPFLAGS_value=
ac_cv_env_CPP_set=
ac_cv_env_CPP_value=
ac_cv_env_CXXFLAGS_set=
ac_cv_env_CXXFLAGS_value=
ac_cv_env_CXX_set=
ac_cv_env_CXX_value=
ac_cv_env_LDFLAGS_set=
ac_cv_env_LDFLAGS_value=
ac_cv_env_LIBS_set=
ac_cv_env_LIBS_value=
ac_cv_env_build_alias_set=
ac_cv_env_build_alias_value=
ac_cv_env_host_alias_set=
ac_cv_env_host_alias_value=
ac_cv_env_target_alias_set=
ac_cv_env_target_alias_value=
ac_cv_host=aarch64-unknown-linux-gnu
ac_cv_lib_selinux_is_selinux_enabled=no
ac_cv_objext=o
ac_cv_path_BASH_SHELL=/bin/bash
ac_cv_path_EGREP='/bin/grep -E'
ac_cv_path_GREP=/bin/grep
ac_cv_path_INSTALL_INFO=/usr/bin/install-info
ac_cv_path_PERL=/usr/bin/perl
ac_cv_path_install='/usr/bin/install -c'
ac_cv_prog_AS=as
ac_cv_prog_AWK=gawk
ac_cv_prog_BISON=bison
ac_cv_prog_LD=ld
ac_cv_prog_MAKE=make
ac_cv_prog_PYTHON_PROG=python3
ac_cv_prog_SED=sed
ac_cv_prog_ac_ct_CC=gcc
ac_cv_prog_ac_ct_CXX=g++
ac_cv_prog_ac_ct_NM=nm
ac_cv_prog_ac_ct_READELF=readelf
ac_cv_prog_cc_g=yes
ac_cv_prog_cxx_g=yes
libc_cv_aarch64_be=no
libc_cv_as_noexecstack=yes
libc_cv_asm_set_directive=yes
libc_cv_broken_alias_attribute=no
libc_cv_builtin_trap=yes
libc_cv_cc_loop_to_function=yes
libc_cv_cc_nofma=-ffp-contract=off
libc_cv_cc_pie_default=yes
libc_cv_cc_with_libunwind=no
libc_cv_compiler_ok=yes
libc_cv_ctors_header=no
libc_cv_cxx_link_ok=yes
libc_cv_cxx_thread_local=yes
libc_cv_ehdr_start=yes
libc_cv_fno_toplevel_reorder=yes
libc_cv_fpie=yes
libc_cv_gcc_builtin_memset=no
libc_cv_gcc_builtin_redirection=yes
libc_cv_gcc_incompatible_alias=no
libc_cv_gcc_indirect_function=no
libc_cv_gcc_unwind_find_fde=no
libc_cv_has_glob_dat=yes
libc_cv_hashstyle=yes
libc_cv_have_sdata_section=no
libc_cv_have_section_quotes=no
libc_cv_idn=no
libc_cv_insert=yes
libc_cv_ld_gnu_indirect_function=yes
libc_cv_linux320='3.2.0 or later'
libc_cv_localstatedir='${prefix}/var'
libc_cv_mtls_dialect_gnu2=no
libc_cv_multidir=.
libc_cv_no_dynamic_linker=yes
libc_cv_nss_crypt=no
libc_cv_output_format=elf64-littleaarch64
libc_cv_pic_default=yes
libc_cv_pie_default=yes
libc_cv_predef_fortify_source=yes
libc_cv_prog_as_gnu=yes
libc_cv_prog_ld_gnu=yes
libc_cv_protected_data=yes
libc_cv_ssp=yes
libc_cv_ssp_all=yes
libc_cv_ssp_strong=yes
libc_cv_static_nss_crypt=no
libc_cv_static_pie=no
libc_cv_sysconfdir='${prefix}/etc'
libc_cv_textrel_ifunc=yes
libc_cv_use_default_link=no
libc_cv_with_fp=yes
libc_cv_z_combreloc=yes
libc_cv_z_execstack=yes

## ----------------- ##
## Output variables. ##
## ----------------- ##

AR='ar'
AS='as'
ASFLAGS_config=' -Wa,--noexecstack'
AUTOCONF='no'
AWK='gawk'
BASH_SHELL='/bin/bash'
BISON='bison'
BUILD_CC=''
CC='gcc'
CFLAGS='-g -O2'
CPP='gcc -E'
CPPFLAGS=''
CPPUNDEFS='-U_FORTIFY_SOURCE'
CXX='g++'
CXXFLAGS='-g -O2'
CXX_BITS_STD_ABS_H='/usr/include/c++/7/bits/std_abs.h'
CXX_CMATH_HEADER='/usr/include/c++/7/cmath'
CXX_CSTDLIB_HEADER='/usr/include/c++/7/cstdlib'
CXX_SYSINCLUDES=''
DEFINES=''
DEFS='-DHAVE_CONFIG_H'
ECHO_C=''
ECHO_N='-n'
ECHO_T=''
GPROF='gprof'
INSTALL_DATA='${INSTALL} -m 644'
INSTALL_INFO='/usr/bin/install-info'
INSTALL_PROGRAM='${INSTALL}'
INSTALL_SCRIPT='${INSTALL}'
LD='ld'
LDFLAGS=''
LIBGD='no'
LIBOBJS=''
LIBS=''
LN_S='ln -s'
LTLIBOBJS=''
MAKE='make'
MAKEINFO=':'
MSGFMT=':'
NM='nm'
OBJCOPY='objcopy'
OBJDUMP='objdump'
OBJEXT='o'
PACKAGE_BUGREPORT='https://sourceware.org/bugzilla/'
PACKAGE_NAME='GNU C Library'
PACKAGE_STRING='GNU C Library (see version.h)'
PACKAGE_TARNAME='glibc'
PACKAGE_URL='http://www.gnu.org/software/glibc/'
PACKAGE_VERSION='(see version.h)'
PATH_SEPARATOR=':'
PERL='/usr/bin/perl'
PKGVERSION='(GNU libc) '
PKGVERSION_TEXI='(GNU libc) '
PYTHON='python3 -B'
PYTHON_PROG='python3'
READELF='readelf'
RELEASE='stable'
REPORT_BUGS_TEXI='@uref{http://www.gnu.org/software/libc/bugs.html}'
REPORT_BUGS_TO='<http://www.gnu.org/software/libc/bugs.html>'
SED='sed'
SHELL='/bin/bash'
SYSINCLUDES=''
VERSION='2.29'
ac_ct_CC='gcc'
ac_ct_CXX='g++'
all_warnings=''
base_machine='aarch64'
bindir='${exec_prefix}/bin'
bindnow='no'
build='aarch64-unknown-linux-gnu'
build_alias=''
build_cpu='aarch64'
build_crypt='yes'
build_nscd='yes'
build_obsolete_nsl='no'
build_os='linux-gnu'
build_pt_chown='no'
build_vendor='unknown'
cross_compiling='no'
datadir='${datarootdir}'
datarootdir='${prefix}/share'
docdir='${datarootdir}/doc/${PACKAGE_TARNAME}'
dvidir='${docdir}'
enable_timezone_tools='yes'
enable_werror='yes'
exec_prefix='${prefix}'
experimental_malloc='yes'
extra_nonshared_cflags=''
fno_unit_at_a_time='-fno-toplevel-reorder -fno-section-anchors'
force_install='yes'
hardcoded_path_in_tests='no'
have_libaudit=''
have_libcap=''
have_selinux='no'
have_tunables='yes'
host='aarch64-unknown-linux-gnu'
host_alias=''
host_cpu='aarch64'
host_os='linux-gnu'
host_vendor='unknown'
htmldir='${docdir}'
includedir='${prefix}/include'
infodir='${datarootdir}/info'
ldd_rewrite_script='no'
libc_cv_cc_loop_to_function='yes'
libc_cv_cc_nofma='-ffp-contract=off'
libc_cv_cc_pie_default='yes'
libc_cv_cc_submachine=''
libc_cv_cc_with_libunwind='no'
libc_cv_complocaledir=''
libc_cv_cxx_thread_local='yes'
libc_cv_fpie='yes'
libc_cv_gcc_unwind_find_fde='no'
libc_cv_has_glob_dat='yes'
libc_cv_hashstyle='yes'
libc_cv_insert='yes'
libc_cv_localstatedir='${prefix}/var'
libc_cv_mtls_dialect_gnu2='no'
libc_cv_multidir='.'
libc_cv_nss_crypt='no'
libc_cv_output_format='elf64-littleaarch64'
libc_cv_pic_default='yes'
libc_cv_pie_default='yes'
libc_cv_protected_data='yes'
libc_cv_rootsbindir=''
libc_cv_rtlddir=''
libc_cv_slibdir=''
libc_cv_ssp='yes'
libc_cv_static_nss_crypt='no'
libc_cv_sysconfdir='${prefix}/etc'
libc_cv_textrel_ifunc='yes'
libc_cv_with_fp='yes'
libc_cv_z_combreloc='yes'
libc_cv_z_execstack='yes'
libc_extra_cflags=''
libc_extra_cppflags=''
libdir='${exec_prefix}/lib'
libexecdir='${exec_prefix}/libexec'
link_obsolete_rpc='no'
localedir='${datarootdir}/locale'
localstatedir='${prefix}/var'
mach_interface_list=''
mandir='${datarootdir}/man'
multi_arch='default'
no_stack_protector='-fno-stack-protector -DSTACK_PROTECTOR_LEVEL=0'
oldincludedir='/usr/include'
pdfdir='${docdir}'
prefix='/opt/glibc-2.29'
profile='no'
program_transform_name='s,x,x,'
psdir='${docdir}'
sbindir='${exec_prefix}/sbin'
shared='yes'
sharedstatedir='${prefix}/com'
stack_protector='-fno-stack-protector'
static=''
static_nss='no'
subdirs=' '
submachine=''
sysconfdir='${prefix}/etc'
sysheaders=''
sysnames=' sysdeps/unix/sysv/linux/aarch64 sysdeps/aarch64/nptl sysdeps/unix/sysv/linux/generic sysdeps/unix/sysv/linux/wordsize-64 sysdeps/unix/sysv/linux sysdeps/nptl sysdeps/pthread sysdeps/gnu sysdeps/unix/inet sysdeps/unix/sysv sysdeps/unix sysdeps/posix sysdeps/aarch64/fpu sysdeps/aarch64/multiarch sysdeps/aarch64 sysdeps/wordsize-64 sysdeps/ieee754/ldbl-128 sysdeps/ieee754/dbl-64/wordsize-64 sysdeps/ieee754/dbl-64 sysdeps/ieee754/flt-32 sysdeps/ieee754 sysdeps/generic'
target_alias=''
use_default_link='no'
use_ldconfig='yes'
use_nscd='yes'

## ----------- ##
## confdefs.h. ##
## ----------- ##

/* confdefs.h */
#define PACKAGE_NAME "GNU C Library"
#define PACKAGE_TARNAME "glibc"
#define PACKAGE_VERSION "(see version.h)"
#define PACKAGE_STRING "GNU C Library (see version.h)"
#define PACKAGE_BUGREPORT "https://sourceware.org/bugzilla/"
#define PACKAGE_URL "http://www.gnu.org/software/glibc/"
#define PKGVERSION "(GNU libc) "
#define REPORT_BUGS_TO "<http://www.gnu.org/software/libc/bugs.html>"
#define HAVE_TUNABLES 1
#define HAVE_CC_NO_STACK_PROTECTOR 1
#define STACK_PROTECTOR_LEVEL 0
#define USE_MULTIARCH 1
#define HAVE_ASM_SET_DIRECTIVE 1
#define NO_CTORS_DTORS_SECTIONS 1
#define HAVE_Z_COMBRELOC 1
#define HAVE_CC_INHIBIT_LOOP_TO_LIBCALL 1
#define HAVE_EHDR_START 1
#define HAVE_BUILTIN_TRAP 1
#define __LINUX_KERNEL_VERSION (3 * 65536 + 7 * 256 + 0)
#define __ABI_TAG_VERSION 3,7,0
#define HAVE_INLINED_SYSCALLS 1
#define HAVE_IFUNC 1
#define USE_NSCD 1
#define USE_LDCONFIG 1

configure: exit 0
